#
# There is insufficient memory for the Java Runtime Environment to continue.
# Native memory allocation (mmap) failed to map 17179869184 bytes. Error detail: committing reserved memory.
# Possible reasons:
#   The system is out of physical RAM or swap space
#   This process has exceeded the maximum number of memory mappings (check below
#     for `/proc/sys/vm/max_map_count` and `Total number of mappings`)
# Possible solutions:
#   Reduce memory load on the system
#   Increase physical memory or swap space
#   Check if swap backing store is full
#   Decrease Java heap size (-Xmx/-Xms)
#   Decrease number of Java threads
#   Decrease Java thread stack sizes (-Xss)
#   Set larger code cache with -XX:ReservedCodeCacheSize=
# This output file may be truncated or incomplete.
#
#  Out of Memory Error (os_linux.cpp:2965), pid=604082, tid=604083
#
# JRE version:  (25.0.2+10) (build )
# Java VM: OpenJDK 64-Bit Server VM (25.0.2+10-Ubuntu-125.10, mixed mode, sharing, tiered, compressed class ptrs, g1 gc, linux-amd64)
# Core dump will be written. Default location: Core dumps may be processed with "/usr/share/apport/apport -p%p -s%s -c%c -d%d -P%P -u%u -g%g -F%F -- %E" (or dumping to /home/tortb/project/PiCalculator/core.604082)
#

---------------  S U M M A R Y ------------

Command Line: -Xms16G -Xmx32G -XX:+UseG1GC -XX:MaxGCPauseMillis=200 -XX:+UseNUMA -XX:+AlwaysPreTouch -XX:+UnlockExperimentalVMOptions -XX:+UseStringDeduplication Main 1000000

Host: Intel(R) Core(TM) i3-N305, 8 cores, 7G, Ubuntu 25.10
Time: Sat Mar 14 01:43:33 2026 CST elapsed time: 0.015685 seconds (0d 0h 0m 0s)

---------------  T H R E A D  ---------------

Current thread (0x00007e817c01bb20):  JavaThread "Unknown thread" [_thread_in_vm, id=604083, stack(0x00007e8185100000,0x00007e8185200000) (1024K)]

Stack: [0x00007e8185100000,0x00007e8185200000],  sp=0x00007e81851fc4e0,  free space=1009k
Native frames: (J=compiled Java code, j=interpreted, Vv=VM code, C=native code)
V  [libjvm.so+0x12a36d3]  VMError::report(outputStream*, bool)+0x2ac3  (os_linux.cpp:2965)
V  [libjvm.so+0x12a66be]  VMError::report_and_die(int, char const*, char const*, __va_list_tag*, Thread*, unsigned char*, void const*, void const*, char const*, int, unsigned long)+0x28e
V  [libjvm.so+0x12a7221]
V  [libjvm.so+0x78c9f1]
V  [libjvm.so+0xe879bf]  os::Linux::commit_memory_impl(char*, unsigned long, bool) [clone .part.0]+0xdf
V  [libjvm.so+0xe87f47]  os::pd_commit_memory_or_exit(char*, unsigned long, unsigned long, bool, char const*)+0x87
V  [libjvm.so+0xe7ad4d]  os::commit_memory_or_exit(char*, unsigned long, unsigned long, bool, char const*)+0x1d
V  [libjvm.so+0x927314]  G1PageBasedVirtualSpace::commit(unsigned long, unsigned long)+0x104
V  [libjvm.so+0x93fa7f]  G1RegionsLargerThanCommitSizeMapper::commit_regions(unsigned int, unsigned long, WorkerThreads*)+0x9f
V  [libjvm.so+0x9100da]  G1HeapRegionManager::commit_regions(unsigned int, unsigned long, WorkerThreads*)+0x5a
V  [libjvm.so+0x911c57]  G1HeapRegionManager::expand(unsigned int, unsigned int, WorkerThreads*)+0x37
V  [libjvm.so+0x911e62]  G1HeapRegionManager::expand_by(unsigned int, WorkerThreads*)+0x72
V  [libjvm.so+0x8c2902]  G1CollectedHeap::expand(unsigned long, WorkerThreads*, double*)+0xb2
V  [libjvm.so+0x8c2ebc]  G1CollectedHeap::initialize()+0x53c
V  [libjvm.so+0x12427db]  universe_init()+0xeb
V  [libjvm.so+0x9ece33]  init_globals()+0x63
V  [libjvm.so+0x121a684]  Threads::create_vm(JavaVMInitArgs*, bool*)+0x2c4
V  [libjvm.so+0xaeb653]  JNI_CreateJavaVM+0x53
C  [libjli.so+0x428b]  JavaMain+0x9b
C  [libjli.so+0x886d]  ThreadJavaMain+0xd
C  [libc.so.6+0xa3d64]
Lock stack of current Java thread (top to bottom):


---------------  P R O C E S S  ---------------

Threads class SMR info:
_java_thread_list=0x00007e8184fff860, length=0, elements={
}

Java Threads: ( => current thread )
Total: 0

Other Threads:
  0x00007e817c04c4a0 WorkerThread "GC Thread#0"                     [id=604084, stack(0x00007e8182976000,0x00007e8182a76000) (1024K)]
  0x00007e817c065d60 ConcurrentGCThread "G1 Main Marker"            [id=604085, stack(0x00007e8182875000,0x00007e8182975000) (1024K)]
  0x00007e817c066f50 WorkerThread "G1 Conc#0"                       [id=604086, stack(0x00007e8182774000,0x00007e8182874000) (1024K)]

[error occurred during error reporting (printing all threads), id 0xb, SIGSEGV (0xb) at pc=0x00007e81840e49df]
VM state: not at safepoint (not fully initialized)

VM Mutex/Monitor currently owned by a thread:  ([mutex/lock_event])
[0x00007e8184fd8de8] Heap_lock - owner thread: 0x00007e817c01bb20

CDS archive(s) mapped at: [0x0000000000000000-0x0000000000000000-0x0000000000000000), size 0, SharedBaseAddress: 0x0000000800000000, ArchiveRelocationMode: 1.
UseCompressedClassPointers 1, UseCompactObjectHeaders 0
Narrow klass pointer bits 32, Max shift 3
Narrow klass base: 0xffffffffffffffff, Narrow klass shift: -1
Encoding Range: [0xffffffffffffffff - 0x000000007fffffff), (2147483648 bytes)
Klass Range:    [0x0000000000000000 - 0x0000000000000000), (0 bytes)
Klass ID Range:  [4294967295 - 0) (1)
No protection zone.

GC Precious Log:
 CardTable entry size: 512
 Card Set container configuration: InlinePtr #cards 3 size 8 Array Of Cards #cards 128 size 272 Howl #buckets 8 coarsen threshold 29491 Howl Bitmap #cards 4096 size 528 coarsen threshold 3686 Card regions per heap region 1 cards per card region 32768

Heap:
 garbage-first heap   total reserved 33554432K, committed 0K, used 0K [0x00007e7964000000, 0x00007e8164000000)
  region size 16384K, 0 young (0K), 0 survivors (0K)

Heap Regions: E=young(eden), S=young(survivor), O=old, HS=humongous(starts), HC=humongous(continues), CS=collection set, F=free, TAMS=top-at-mark-start, PB=parsable bottom

Card table byte_map: [0x00007e795c000000,0x00007e7960000000] _byte_map_base: 0x00007e3a1f4e0000

Marking Bits: (CMBitMap*) 0x00007e817c04d210
 Bits: [0x00007e793c000000, 0x00007e795c000000)

GC Heap Usage History (0 events):
No events

Metaspace Usage History (0 events):
No events

Dll operation events (1 events):
Event: 0.004 Loaded shared library /usr/lib/jvm/java-25-openjdk-amd64/lib/libjava.so

Deoptimization events (0 events):
No events

Classes loaded (0 events):
No events

Classes unloaded (0 events):
No events

Classes redefined (0 events):
No events

Internal exceptions (0 events):
No events

VM Operations (0 events):
No events

Memory protections (1 events):
Event: 0.004 Protecting memory [0x00007e8185100000,0x00007e8185104000] with protection modes 0

Nmethod flushes (0 events):
No events

Events (0 events):
No events


Dynamic libraries:
646ce38db000-646ce38dc000 r--p 00000000 103:02 28446477                  /usr/lib/jvm/java-25-openjdk-amd64/bin/java
646ce38dc000-646ce38dd000 r-xp 00001000 103:02 28446477                  /usr/lib/jvm/java-25-openjdk-amd64/bin/java
646ce38dd000-646ce38de000 r--p 00002000 103:02 28446477                  /usr/lib/jvm/java-25-openjdk-amd64/bin/java
646ce38de000-646ce38df000 r--p 00002000 103:02 28446477                  /usr/lib/jvm/java-25-openjdk-amd64/bin/java
646ce38df000-646ce38e0000 rw-p 00003000 103:02 28446477                  /usr/lib/jvm/java-25-openjdk-amd64/bin/java
646d1d7c1000-646d1d809000 rw-p 00000000 00:00 0                          [heap]
7e792c000000-7e792c021000 rw-p 00000000 00:00 0 
7e792c021000-7e7930000000 ---p 00000000 00:00 0 
7e7933cd7000-7e7934021000 rw-p 00000000 00:00 0 
7e7934021000-7e7938000000 ---p 00000000 00:00 0 
7e7938000000-7e7938021000 rw-p 00000000 00:00 0 
7e7938021000-7e793c000000 ---p 00000000 00:00 0 
7e793c000000-7e7964000000 ---p 00000000 00:00 0 
7e7964000000-7e7d64000000 ---p 00000000 00:00 0 
7e7d64000000-7e8164000000 ---p 00000000 00:00 0 
7e8164267000-7e8164600000 rw-p 00000000 00:00 0 
7e8164600000-7e8164870000 rwxp 00000000 00:00 0 
7e8164870000-7e816bb37000 ---p 00000000 00:00 0 
7e816bb37000-7e816bda7000 rwxp 00000000 00:00 0 
7e816bda7000-7e816c0c8000 ---p 00000000 00:00 0 
7e816c0c8000-7e816c338000 rwxp 00000000 00:00 0 
7e816c338000-7e8173600000 ---p 00000000 00:00 0 
7e8173600000-7e817bfa7000 r--s 00000000 103:02 28446669                  /usr/lib/jvm/java-25-openjdk-amd64/lib/modules
7e817c000000-7e817c0c3000 rw-p 00000000 00:00 0 
7e817c0c3000-7e8180000000 ---p 00000000 00:00 0 
7e81800fb000-7e8182600000 rw-p 00000000 00:00 0 
7e8182672000-7e8182773000 rw-p 00000000 00:00 0 
7e8182773000-7e8182a76000 rw-p 00000000 00:00 0 
7e8182a76000-7e8183400000 rw-p 00000000 00:00 0 
7e8183400000-7e81834a2000 r--p 00000000 103:02 27800413                  /usr/lib/x86_64-linux-gnu/libstdc++.so.6.0.34
7e81834a2000-7e81835ef000 r-xp 000a2000 103:02 27800413                  /usr/lib/x86_64-linux-gnu/libstdc++.so.6.0.34
7e81835ef000-7e8183677000 r--p 001ef000 103:02 27800413                  /usr/lib/x86_64-linux-gnu/libstdc++.so.6.0.34
7e8183677000-7e8183686000 r--p 00276000 103:02 27800413                  /usr/lib/x86_64-linux-gnu/libstdc++.so.6.0.34
7e8183686000-7e8183689000 rw-p 00285000 103:02 27800413                  /usr/lib/x86_64-linux-gnu/libstdc++.so.6.0.34
7e8183689000-7e818368d000 rw-p 00000000 00:00 0 
7e8183690000-7e818371a000 rw-p 00000000 00:00 0 
7e818371a000-7e8183800000 ---p 00000000 00:00 0 
7e8183800000-7e8183ae1000 r--p 00000000 103:02 28446677                  /usr/lib/jvm/java-25-openjdk-amd64/lib/server/libjvm.so
7e8183ae1000-7e8184b74000 r-xp 002e1000 103:02 28446677                  /usr/lib/jvm/java-25-openjdk-amd64/lib/server/libjvm.so
7e8184b74000-7e8184e7a000 r--p 01374000 103:02 28446677                  /usr/lib/jvm/java-25-openjdk-amd64/lib/server/libjvm.so
7e8184e7a000-7e8184f64000 r--p 0167a000 103:02 28446677                  /usr/lib/jvm/java-25-openjdk-amd64/lib/server/libjvm.so
7e8184f64000-7e8184f8f000 rw-p 01764000 103:02 28446677                  /usr/lib/jvm/java-25-openjdk-amd64/lib/server/libjvm.so
7e8184f8f000-7e818500b000 rw-p 00000000 00:00 0 
7e8185015000-7e818501a000 rw-p 00000000 00:00 0 
7e818501a000-7e8185100000 ---p 00000000 00:00 0 
7e8185100000-7e8185104000 ---p 00000000 00:00 0 
7e8185104000-7e8185200000 rw-p 00000000 00:00 0 
7e8185200000-7e8185228000 r--p 00000000 103:02 27788912                  /usr/lib/x86_64-linux-gnu/libc.so.6
7e8185228000-7e81853c1000 r-xp 00028000 103:02 27788912                  /usr/lib/x86_64-linux-gnu/libc.so.6
7e81853c1000-7e8185430000 r--p 001c1000 103:02 27788912                  /usr/lib/x86_64-linux-gnu/libc.so.6
7e8185430000-7e8185434000 r--p 0022f000 103:02 27788912                  /usr/lib/x86_64-linux-gnu/libc.so.6
7e8185434000-7e8185436000 rw-p 00233000 103:02 27788912                  /usr/lib/x86_64-linux-gnu/libc.so.6
7e8185436000-7e8185443000 rw-p 00000000 00:00 0 
7e81854a8000-7e81854ad000 rw-p 00000000 00:00 0 
7e81854ad000-7e81854b4000 ---p 00000000 00:00 0 
7e81854b4000-7e81854c0000 r--p 00000000 103:02 28446646                  /usr/lib/jvm/java-25-openjdk-amd64/lib/libjava.so
7e81854c0000-7e81854cf000 r-xp 0000c000 103:02 28446646                  /usr/lib/jvm/java-25-openjdk-amd64/lib/libjava.so
7e81854cf000-7e81854d4000 r--p 0001b000 103:02 28446646                  /usr/lib/jvm/java-25-openjdk-amd64/lib/libjava.so
7e81854d4000-7e81854d5000 r--p 00020000 103:02 28446646                  /usr/lib/jvm/java-25-openjdk-amd64/lib/libjava.so
7e81854d5000-7e81854d6000 rw-p 00021000 103:02 28446646                  /usr/lib/jvm/java-25-openjdk-amd64/lib/libjava.so
7e81854d6000-7e81854d7000 rw-p 00000000 00:00 0 
7e81854d7000-7e81854df000 rw-s 00000000 00:26 12164                      /tmp/hsperfdata_root/604082
7e81854df000-7e81854e3000 r--p 00000000 103:02 27799996                  /usr/lib/x86_64-linux-gnu/libgcc_s.so.1
7e81854e3000-7e8185506000 r-xp 00004000 103:02 27799996                  /usr/lib/x86_64-linux-gnu/libgcc_s.so.1
7e8185506000-7e818550a000 r--p 00027000 103:02 27799996                  /usr/lib/x86_64-linux-gnu/libgcc_s.so.1
7e818550a000-7e818550b000 r--p 0002a000 103:02 27799996                  /usr/lib/x86_64-linux-gnu/libgcc_s.so.1
7e818550b000-7e818550c000 rw-p 0002b000 103:02 27799996                  /usr/lib/x86_64-linux-gnu/libgcc_s.so.1
7e818550c000-7e818551d000 r--p 00000000 103:02 27788915                  /usr/lib/x86_64-linux-gnu/libm.so.6
7e818551d000-7e81855a8000 r-xp 00011000 103:02 27788915                  /usr/lib/x86_64-linux-gnu/libm.so.6
7e81855a8000-7e8185617000 r--p 0009c000 103:02 27788915                  /usr/lib/x86_64-linux-gnu/libm.so.6
7e8185617000-7e8185618000 r--p 0010a000 103:02 27788915                  /usr/lib/x86_64-linux-gnu/libm.so.6
7e8185618000-7e8185619000 rw-p 0010b000 103:02 27788915                  /usr/lib/x86_64-linux-gnu/libm.so.6
7e8185619000-7e818561b000 rw-p 00000000 00:00 0 
7e818561b000-7e818561e000 r--p 00000000 103:02 27800551                  /usr/lib/x86_64-linux-gnu/libz.so.1.3.1
7e818561e000-7e8185631000 r-xp 00003000 103:02 27800551                  /usr/lib/x86_64-linux-gnu/libz.so.1.3.1
7e8185631000-7e8185639000 r--p 00016000 103:02 27800551                  /usr/lib/x86_64-linux-gnu/libz.so.1.3.1
7e8185639000-7e818563a000 r--p 0001d000 103:02 27800551                  /usr/lib/x86_64-linux-gnu/libz.so.1.3.1
7e818563a000-7e818563b000 rw-p 0001e000 103:02 27800551                  /usr/lib/x86_64-linux-gnu/libz.so.1.3.1
7e818563c000-7e818563d000 ---p 00000000 00:00 0 
7e818563d000-7e818563e000 r--p 00000000 00:00 0 
7e818563e000-7e818563f000 ---p 00000000 00:00 0 
7e818563f000-7e8185642000 r--p 00000000 103:02 27800264                  /usr/lib/x86_64-linux-gnu/libnuma.so.1.0.0
7e8185642000-7e8185649000 r-xp 00003000 103:02 27800264                  /usr/lib/x86_64-linux-gnu/libnuma.so.1.0.0
7e8185649000-7e818564b000 r--p 0000a000 103:02 27800264                  /usr/lib/x86_64-linux-gnu/libnuma.so.1.0.0
7e818564b000-7e818564c000 r--p 0000b000 103:02 27800264                  /usr/lib/x86_64-linux-gnu/libnuma.so.1.0.0
7e818564c000-7e818564d000 rw-p 0000c000 103:02 27800264                  /usr/lib/x86_64-linux-gnu/libnuma.so.1.0.0
7e818564d000-7e818564f000 r--p 00000000 103:02 28446649                  /usr/lib/jvm/java-25-openjdk-amd64/lib/libjimage.so
7e818564f000-7e8185652000 r-xp 00002000 103:02 28446649                  /usr/lib/jvm/java-25-openjdk-amd64/lib/libjimage.so
7e8185652000-7e8185653000 r--p 00005000 103:02 28446649                  /usr/lib/jvm/java-25-openjdk-amd64/lib/libjimage.so
7e8185653000-7e8185654000 r--p 00006000 103:02 28446649                  /usr/lib/jvm/java-25-openjdk-amd64/lib/libjimage.so
7e8185654000-7e8185655000 rw-p 00007000 103:02 28446649                  /usr/lib/jvm/java-25-openjdk-amd64/lib/libjimage.so
7e8185655000-7e8185657000 r--p 00000000 103:02 28446650                  /usr/lib/jvm/java-25-openjdk-amd64/lib/libjli.so
7e8185657000-7e8185662000 r-xp 00002000 103:02 28446650                  /usr/lib/jvm/java-25-openjdk-amd64/lib/libjli.so
7e8185662000-7e8185665000 r--p 0000d000 103:02 28446650                  /usr/lib/jvm/java-25-openjdk-amd64/lib/libjli.so
7e8185665000-7e8185666000 r--p 00010000 103:02 28446650                  /usr/lib/jvm/java-25-openjdk-amd64/lib/libjli.so
7e8185666000-7e8185667000 rw-p 00011000 103:02 28446650                  /usr/lib/jvm/java-25-openjdk-amd64/lib/libjli.so
7e8185667000-7e8185669000 rw-p 00000000 00:00 0 
7e8185669000-7e818566d000 r--p 00000000 00:00 0                          [vvar]
7e818566d000-7e818566f000 r--p 00000000 00:00 0                          [vvar_vclock]
7e818566f000-7e8185671000 r-xp 00000000 00:00 0                          [vdso]
7e8185671000-7e8185672000 r--p 00000000 103:02 27788909                  /usr/lib/x86_64-linux-gnu/ld-linux-x86-64.so.2
7e8185672000-7e81856a0000 r-xp 00001000 103:02 27788909                  /usr/lib/x86_64-linux-gnu/ld-linux-x86-64.so.2
7e81856a0000-7e81856ae000 r--p 0002f000 103:02 27788909                  /usr/lib/x86_64-linux-gnu/ld-linux-x86-64.so.2
7e81856ae000-7e81856b0000 r--p 0003d000 103:02 27788909                  /usr/lib/x86_64-linux-gnu/ld-linux-x86-64.so.2
7e81856b0000-7e81856b1000 rw-p 0003f000 103:02 27788909                  /usr/lib/x86_64-linux-gnu/ld-linux-x86-64.so.2
7e81856b1000-7e81856b2000 rw-p 00000000 00:00 0 
7ffd7682b000-7ffd7684c000 rw-p 00000000 00:00 0                          [stack]
ffffffffff600000-ffffffffff601000 --xp 00000000 00:00 0                  [vsyscall]
Total number of mappings: 108

JVMTI agents: none


VM Arguments:
jvm_args: -Xms16G -Xmx32G -XX:+UseG1GC -XX:MaxGCPauseMillis=200 -XX:+UseNUMA -XX:+AlwaysPreTouch -XX:+UnlockExperimentalVMOptions -XX:+UseStringDeduplication 
java_command: Main 1000000
java_class_path (initial): ./build:.
Launcher Type: SUN_STANDARD

[Global flags]
     bool AlwaysPreTouch                           = true                                      {product} {command line}
     intx CICompilerCount                          = 4                                         {product} {ergonomic}
     uint ConcGCThreads                            = 2                                         {product} {ergonomic}
     uint G1ConcRefinementThreads                  = 8                                         {product} {ergonomic}
     uint G1EagerReclaimRemSetThreshold            = 128                                  {experimental} {ergonomic}
   size_t G1HeapRegionSize                         = 16777216                                  {product} {ergonomic}
     uint G1RemSetArrayOfCardsEntries              = 128                                  {experimental} {ergonomic}
     uint G1RemSetHowlMaxNumBuckets                = 8                                    {experimental} {ergonomic}
     uint G1RemSetHowlNumBuckets                   = 8                                    {experimental} {ergonomic}
   size_t InitialHeapSize                          = 17179869184                               {product} {command line}
   size_t MarkStackSize                            = 4194304                                   {product} {ergonomic}
   size_t MarkStackSizeMax                         = 536870912                                 {product} {ergonomic}
    uintx MaxGCPauseMillis                         = 200                                       {product} {command line}
   size_t MaxHeapSize                              = 34359738368                               {product} {command line}
   size_t MinHeapDeltaBytes                        = 16777216                                  {product} {ergonomic}
   size_t MinHeapSize                              = 17179869184                               {product} {command line}
    uintx NonNMethodCodeHeapSize                   = 5836800                                {pd product} {ergonomic}
    uintx NonProfiledCodeHeapSize                  = 122912768                              {pd product} {ergonomic}
    uintx ProfiledCodeHeapSize                     = 122908672                              {pd product} {ergonomic}
    uintx ReservedCodeCacheSize                    = 251658240                              {pd product} {ergonomic}
     bool SegmentedCodeCache                       = true                                      {product} {ergonomic}
   size_t SoftMaxHeapSize                          = 34359738368                            {manageable} {ergonomic}
     bool UnlockExperimentalVMOptions              = true                                 {experimental} {command line}
     bool UseG1GC                                  = true                                      {product} {command line}
     bool UseNUMA                                  = false                                     {product} {command line, ergonomic}
     bool UseNUMAInterleaving                      = false                                     {product} {ergonomic}
     bool UseStringDeduplication                   = true                                      {product} {command line}

Logging:
Log output configuration:
 #0: stdout all=warning uptime,level,tags foldmultilines=false
 #1: stderr all=off uptime,level,tags foldmultilines=false

Release file:
<release file has not been read>
Environment Variables:
PATH=/root/.npm-global/bin:/usr/local/sbin:/usr/local/bin:/usr/sbin:/usr/bin:/sbin:/bin:/usr/games:/usr/local/games:/snap/bin:/root/.local/bin
SHELL=/bin/zsh
DISPLAY=:0
LANG=zh_CN.UTF-8
TERM=xterm-256color

Active Locale:
LC_ALL=C
LC_COLLATE=C
LC_CTYPE=C
LC_MESSAGES=C
LC_MONETARY=C
LC_NUMERIC=C
LC_TIME=C

Signal Handlers:
   SIGSEGV: crash_handler in libjvm.so, mask=11100100010111111101111111111110, flags=SA_RESTART|SA_SIGINFO, unblocked
    SIGBUS: crash_handler in libjvm.so, mask=11100100010111111101111111111110, flags=SA_RESTART|SA_SIGINFO, unblocked
    SIGFPE: crash_handler in libjvm.so, mask=11100100010111111101111111111110, flags=SA_RESTART|SA_SIGINFO, unblocked
   SIGPIPE: javaSignalHandler in libjvm.so, mask=11100100010111111101111111111110, flags=SA_RESTART|SA_SIGINFO, blocked
   SIGXFSZ: javaSignalHandler in libjvm.so, mask=11100100010111111101111111111110, flags=SA_RESTART|SA_SIGINFO, blocked
    SIGILL: crash_handler in libjvm.so, mask=11100100010111111101111111111110, flags=SA_RESTART|SA_SIGINFO, unblocked
   SIGUSR2: SR_handler in libjvm.so, mask=00000000000000000000000000000000, flags=SA_RESTART|SA_SIGINFO, blocked
    SIGHUP: SIG_DFL, mask=00000000000000000000000000000000, flags=none, blocked
    SIGINT: SIG_DFL, mask=00000000000000000000000000000000, flags=none, blocked
   SIGTERM: SIG_DFL, mask=00000000000000000000000000000000, flags=none, blocked
   SIGQUIT: UserHandler in libjvm.so, mask=11100100010111111101111111111110, flags=SA_RESTART|SA_SIGINFO, blocked
   SIGTRAP: crash_handler in libjvm.so, mask=11100100010111111101111111111110, flags=SA_RESTART|SA_SIGINFO, unblocked


Compilation memory statistics disabled.

Periodic native trim disabled

---------------  S Y S T E M  ---------------

OS:
DISTRIB_ID=Ubuntu
DISTRIB_RELEASE=25.10
DISTRIB_CODENAME=questing
DISTRIB_DESCRIPTION="Ubuntu 25.10"
uname: Linux 6.17.0-14-generic #14-Ubuntu SMP PREEMPT_DYNAMIC Fri Jan  9 17:01:16 UTC 2026 x86_64
OS uptime: 0 days 12:16 hours
libc: glibc 2.42 NPTL 2.42 
rlimit (soft/hard): STACK 8192k/infinity , CORE 0k/infinity , NPROC 27336/27336 , NOFILE 524288/524288 , AS infinity/infinity , CPU infinity/infinity , DATA infinity/infinity , FSIZE infinity/infinity , MEMLOCK 8192k/8192k
load average: 0.48 0.68 0.91

/proc/meminfo:
MemTotal:        7342776 kB
MemFree:          631964 kB
MemAvailable:    2553648 kB
Buffers:           16624 kB
Cached:          2832920 kB
SwapCached:        48592 kB
Active:          1366788 kB
Inactive:        3419580 kB
Active(anon):    1061312 kB
Inactive(anon):  1504484 kB
Active(file):     305476 kB
Inactive(file):  1915096 kB
Unevictable:      129496 kB
Mlocked:            2148 kB
SwapTotal:       7865684 kB
SwapFree:        4930216 kB
Zswap:                 0 kB
Zswapped:              0 kB
Dirty:                44 kB
Writeback:             0 kB
AnonPages:       2045908 kB
Mapped:           800240 kB
Shmem:            627512 kB
KReclaimable:     155504 kB
Slab:             528820 kB
SReclaimable:     155504 kB
SUnreclaim:       373316 kB
KernelStack:       24572 kB
PageTables:        92372 kB
SecPageTables:      6928 kB
NFS_Unstable:          0 kB
Bounce:                0 kB
WritebackTmp:          0 kB
CommitLimit:    11537072 kB
Committed_AS:   23850788 kB
VmallocTotal:   34359738367 kB
VmallocUsed:       95528 kB
VmallocChunk:          0 kB
Percpu:             8832 kB
HardwareCorrupted:     0 kB
AnonHugePages:         0 kB
ShmemHugePages:    67584 kB
ShmemPmdMapped:        0 kB
FileHugePages:         0 kB
FilePmdMapped:         0 kB
CmaTotal:              0 kB
CmaFree:               0 kB
Unaccepted:            0 kB
Balloon:               0 kB
HugePages_Total:       0
HugePages_Free:        0
HugePages_Rsvd:        0
HugePages_Surp:        0
Hugepagesize:       2048 kB
Hugetlb:               0 kB
DirectMap4k:      340804 kB
DirectMap2M:     7784448 kB
DirectMap1G:           0 kB

/sys/kernel/mm/transparent_hugepage/enabled: always [madvise] never
/sys/kernel/mm/transparent_hugepage/hpage_pmd_size: 2097152
/sys/kernel/mm/transparent_hugepage/shmem_enabled: always within_size advise [never] deny force
/sys/kernel/mm/transparent_hugepage/defrag (defrag/compaction efforts parameter): always defer defer+madvise [madvise] never

Process Memory:
Virtual Size: 34952868K (peak: 34972548K)
Resident Set Size: 32512K (peak: 32512K) (anon: 16564K, file: 15916K, shmem: 32K)
Swapped out: 0K
C-Heap outstanding allocations: 23747K, retained: 572K
glibc malloc tunables: (default)

/proc/sys/kernel/threads-max (system-wide limit on the number of threads): 54673
/proc/sys/vm/max_map_count (maximum number of memory map areas a process may have): 1048576
/proc/sys/vm/swappiness (control to define how aggressively the kernel swaps out anonymous memory): 60
/proc/sys/kernel/pid_max (system-wide limit on number of process identifiers): 4194304

container information not found.
Steal ticks since vm start: 0
Steal ticks percentage since vm start:  0.000

CPU: total 8 (initial active 8) (8 cores per cpu, 1 threads per core) family 6 model 190 stepping 0 microcode 0x21, cx8, cmov, fxsr, mmx, 3dnowpref, sse, sse2, sse3, ssse3, sse4.1, sse4.2, popcnt, lzcnt, tsc, tscinvbit, avx, avx2, aes, erms, clmul, bmi1, bmi2, adx, sha, fma, vzeroupper, clflush, clflushopt, clwb, serialize, rdtscp, rdpid, fsrm, gfni, f16c, pku, ospke, cet_ibt, cet_ss
CPU Model and flags from /proc/cpuinfo:
model name	: Intel(R) Core(TM) i3-N305
flags		: fpu vme de pse tsc msr pae mce cx8 apic sep mtrr pge mca cmov pat pse36 clflush dts acpi mmx fxsr sse sse2 ss ht tm pbe syscall nx pdpe1gb rdtscp lm constant_tsc art arch_perfmon pebs bts rep_good nopl xtopology nonstop_tsc cpuid aperfmperf tsc_known_freq pni pclmulqdq dtes64 monitor ds_cpl vmx est tm2 ssse3 sdbg fma cx16 xtpr pdcm pcid sse4_1 sse4_2 x2apic movbe popcnt tsc_deadline_timer aes xsave avx f16c rdrand lahf_lm abm 3dnowprefetch cpuid_fault epb cat_l2 cdp_l2 ssbd ibrs ibpb stibp ibrs_enhanced tpr_shadow flexpriority ept vpid ept_ad fsgsbase tsc_adjust bmi1 avx2 smep bmi2 erms invpcid rdt_a rdseed adx smap clflushopt clwb intel_pt sha_ni xsaveopt xsavec xgetbv1 xsaves split_lock_detect user_shstk avx_vnni dtherm ida arat pln pts hwp hwp_notify hwp_act_window hwp_epp hwp_pkg_req vnmi umip pku ospke waitpkg gfni vaes vpclmulqdq rdpid movdiri movdir64b fsrm md_clear serialize arch_lbr ibt flush_l1d arch_capabilities

Online cpus: 0-7
Offline cpus: 
BIOS frequency limitation: <Not Available>
Frequency switch latency (ns): 0
Available cpu frequencies: <Not Available>
Current governor: powersave
Core performance/turbo boost: <Not Available>

Memory: 4k page, physical 7342776k(2553648k free), swap 7865684k(4930216k free)
Page Sizes: 4k

vm_info: OpenJDK 64-Bit Server VM (25.0.2+10-Ubuntu-125.10) for linux-amd64 JRE (25.0.2+10-Ubuntu-125.10), built on 2026-01-23T00:03:28Z with gcc 15.2.0

END.
